<?xml version="1.0" encoding="UTF-8"?>
<!-- Generated by org.testng.reporters.JUnitReportReporter -->
<testsuite hostname="LAPTOP-G1CNC1LI" failures="0" tests="1" name="com.crm.demo.CreateParameter" time="6.344" errors="0" timestamp="2022-10-11T11:22:27 IST" skipped="0">
  <testcase classname="com.crm.demo.CreateParameter" name="method" time="6.344"/>
  <system-out/>
</testsuite> <!-- com.crm.demo.CreateParameter -->
