<?xml version="1.0" encoding="UTF-8"?>
<!-- Generated by org.testng.reporters.JUnitReportReporter -->
<testsuite hostname="LAPTOP-G1CNC1LI" failures="0" tests="1" name="Practice.DemoTest" time="0.013" errors="0" timestamp="2022-10-10T16:31:59 IST" skipped="0">
  <testcase classname="Practice.DemoTest" name="method" time="0.013"/>
  <system-out/>
</testsuite> <!-- Practice.DemoTest -->
